Bug ID: 101
Path History:
(0, 0)
(0, -1)
(0, -2)

Bug ID: 102
Path History:
(9, 0)
(9, 0)
(9, 0)

Bug ID: 103
Path History:
(9, 9)
(9, 10)
(9, 11)

Bug ID: 104
Path History:
(0, 9)
(0, 10)
(0, 11)

Bug ID: 105
Path History:
(2, 2)
(1, 2)
(0, 2)

Bug ID: 106
Path History:
(7, 2)
(7, 3)
(7, 4)

Bug ID: 107
Path History:
(2, 7)
(5, 7)
(8, 7)

Bug ID: 108
Path History:
(7, 7)
(7, 3)
(7, 3)

Bug ID: 109
Path History:
(4, 4)
(4, 2)
(4, 0)

Bug ID: 110
Path History:
(5, 5)
(5, 6)
(5, 7)

Bug ID: 111
Path History:
(4, 5)
(3, 5)
(2, 5)

Bug ID: 112
Path History:
(5, 4)
(7, 4)
(9, 4)

